<?xml version="1.0" encoding="UTF-8"?>
<!-- Generated by org.testng.reporters.JUnitXMLReporter -->
<testsuite ignored="1" hostname="DESKTOP-D4GU8M4" failures="0" tests="1" name="Default test" time="10.458" errors="0" timestamp="2023-02-22T19:38:13 IST">
  <testcase classname="com.qa.opencart.tests.PhoneClassTest" name="selectPhoneTest" time="0.975"/>
  <testcase classname="com.qa.opencart.tests.PhoneClassTest" name="phoneListCountTest" time="0.0">
    <ignored/>
  </testcase> <!-- phoneListCountTest -->
</testsuite> <!-- Default test -->
